# JRE version: OpenJDK Runtime Environment (8.0_242-b01) (build 1.8.0_242-release-1644-b01)
# Java VM: OpenJDK 64-Bit Server VM (25.242-b01 mixed mode windows-amd64 compressed oops)
Heap:
 PSYoungGen      total 224768K, used 97026K [0x00000000d5580000, 0x00000000e7080000, 0x0000000100000000)
  eden space 206848K, 46% used [0x00000000d5580000,0x00000000db440a08,0x00000000e1f80000)
  from space 17920K, 0% used [0x00000000e3200000,0x00000000e3200000,0x00000000e4380000)
  to   space 18944K, 0% used [0x00000000e1f80000,0x00000000e1f80000,0x00000000e3200000)
 ParOldGen       total 203776K, used 31376K [0x0000000080000000, 0x000000008c700000, 0x00000000d5580000)
  object space 203776K, 15% used [0x0000000080000000,0x0000000081ea42e0,0x000000008c700000)
 Metaspace       used 62568K, capacity 65370K, committed 65624K, reserved 1105920K
  class space    used 8706K, capacity 9260K, committed 9344K, reserved 1048576K
GC Heap History (10 events):
Event: 6.971 GC heap before
{Heap before GC invocations=9 (full 2):
 PSYoungGen      total 125952K, used 8296K [0x00000000d5580000, 0x00000000e2f00000, 0x0000000100000000)
  eden space 113664K, 0% used [0x00000000d5580000,0x00000000d5580000,0x00000000dc480000)
  from space 12288K, 67% used [0x00000000dc480000,0x00000000dcc9a140,0x00000000dd080000)
  to   space 11776K, 0% used [0x00000000e2380000,0x00000000e2380000,0x00000000e2f00000)
 ParOldGen       total 88576K, used 7208K [0x0000000080000000, 0x0000000085680000, 0x00000000d5580000)
  object space 88576K, 8% used [0x0000000080000000,0x000000008070a148,0x0000000085680000)
 Metaspace       used 34241K, capacity 35392K, committed 35416K, reserved 1079296K
  class space    used 4702K, capacity 4973K, committed 4992K, reserved 1048576K
Event: 7.028 GC heap after
Heap after GC invocations=9 (full 2):
 PSYoungGen      total 125952K, used 0K [0x00000000d5580000, 0x00000000e2f00000, 0x0000000100000000)
  eden space 113664K, 0% used [0x00000000d5580000,0x00000000d5580000,0x00000000dc480000)
  from space 12288K, 0% used [0x00000000dc480000,0x00000000dc480000,0x00000000dd080000)
  to   space 11776K, 0% used [0x00000000e2380000,0x00000000e2380000,0x00000000e2f00000)
 ParOldGen       total 135680K, used 14849K [0x0000000080000000, 0x0000000088480000, 0x00000000d5580000)
  object space 135680K, 10% used [0x0000000080000000,0x0000000080e805d0,0x0000000088480000)
 Metaspace       used 34241K, capacity 35392K, committed 35416K, reserved 1079296K
  class space    used 4702K, capacity 4973K, committed 4992K, reserved 1048576K
}
Event: 8.317 GC heap before
{Heap before GC invocations=10 (full 2):
 PSYoungGen      total 125952K, used 113664K [0x00000000d5580000, 0x00000000e2f00000, 0x0000000100000000)
  eden space 113664K, 100% used [0x00000000d5580000,0x00000000dc480000,0x00000000dc480000)
  from space 12288K, 0% used [0x00000000dc480000,0x00000000dc480000,0x00000000dd080000)
  to   space 11776K, 0% used [0x00000000e2380000,0x00000000e2380000,0x00000000e2f00000)
 ParOldGen       total 135680K, used 14849K [0x0000000080000000, 0x0000000088480000, 0x00000000d5580000)
  object space 135680K, 10% used [0x0000000080000000,0x0000000080e805d0,0x0000000088480000)
 Metaspace       used 38330K, capacity 40126K, committed 40280K, reserved 1083392K
  class space    used 5277K, capacity 5653K, committed 5760K, reserved 1048576K
Event: 8.325 GC heap after
Heap after GC invocations=10 (full 2):
 PSYoungGen      total 174080K, used 8459K [0x00000000d5580000, 0x00000000e2c00000, 0x0000000100000000)
  eden space 165376K, 0% used [0x00000000d5580000,0x00000000d5580000,0x00000000df700000)
  from space 8704K, 97% used [0x00000000e2380000,0x00000000e2bc2f40,0x00000000e2c00000)
  to   space 11776K, 0% used [0x00000000e1500000,0x00000000e1500000,0x00000000e2080000)
 ParOldGen       total 135680K, used 14857K [0x0000000080000000, 0x0000000088480000, 0x00000000d5580000)
  object space 135680K, 10% used [0x0000000080000000,0x0000000080e825d0,0x0000000088480000)
 Metaspace       used 38330K, capacity 40126K, committed 40280K, reserved 1083392K
  class space    used 5277K, capacity 5653K, committed 5760K, reserved 1048576K
}
Event: 10.650 GC heap before
{Heap before GC invocations=11 (full 2):
 PSYoungGen      total 174080K, used 173835K [0x00000000d5580000, 0x00000000e2c00000, 0x0000000100000000)
  eden space 165376K, 100% used [0x00000000d5580000,0x00000000df700000,0x00000000df700000)
  from space 8704K, 97% used [0x00000000e2380000,0x00000000e2bc2f40,0x00000000e2c00000)
  to   space 11776K, 0% used [0x00000000e1500000,0x00000000e1500000,0x00000000e2080000)
 ParOldGen       total 135680K, used 14857K [0x0000000080000000, 0x0000000088480000, 0x00000000d5580000)
  object space 135680K, 10% used [0x0000000080000000,0x0000000080e825d0,0x0000000088480000)
 Metaspace       used 53377K, capacity 55646K, committed 55896K, reserved 1097728K
  class space    used 7210K, capacity 7687K, committed 7808K, reserved 1048576K
Event: 10.671 GC heap after
Heap after GC invocations=11 (full 2):
 PSYoungGen      total 207872K, used 11748K [0x00000000d5580000, 0x00000000e4380000, 0x0000000100000000)
  eden space 196096K, 0% used [0x00000000d5580000,0x00000000d5580000,0x00000000e1500000)
  from space 11776K, 99% used [0x00000000e1500000,0x00000000e2079310,0x00000000e2080000)
  to   space 17920K, 0% used [0x00000000e3200000,0x00000000e3200000,0x00000000e4380000)
 ParOldGen       total 135680K, used 28038K [0x0000000080000000, 0x0000000088480000, 0x00000000d5580000)
  object space 135680K, 20% used [0x0000000080000000,0x0000000081b61940,0x0000000088480000)
 Metaspace       used 53377K, capacity 55646K, committed 55896K, reserved 1097728K
  class space    used 7210K, capacity 7687K, committed 7808K, reserved 1048576K
}
Event: 11.437 GC heap before
{Heap before GC invocations=12 (full 2):
 PSYoungGen      total 207872K, used 51471K [0x00000000d5580000, 0x00000000e4380000, 0x0000000100000000)
  eden space 196096K, 20% used [0x00000000d5580000,0x00000000d7c4ab00,0x00000000e1500000)
  from space 11776K, 99% used [0x00000000e1500000,0x00000000e2079310,0x00000000e2080000)
  to   space 17920K, 0% used [0x00000000e3200000,0x00000000e3200000,0x00000000e4380000)
 ParOldGen       total 135680K, used 28038K [0x0000000080000000, 0x0000000088480000, 0x00000000d5580000)
  object space 135680K, 20% used [0x0000000080000000,0x0000000081b61940,0x0000000088480000)
 Metaspace       used 56440K, capacity 58826K, committed 58968K, reserved 1099776K
  class space    used 7719K, capacity 8210K, committed 8320K, reserved 1048576K
Event: 11.456 GC heap after
Heap after GC invocations=12 (full 2):
 PSYoungGen      total 224768K, used 15795K [0x00000000d5580000, 0x00000000e7080000, 0x0000000100000000)
  eden space 206848K, 0% used [0x00000000d5580000,0x00000000d5580000,0x00000000e1f80000)
  from space 17920K, 88% used [0x00000000e3200000,0x00000000e416cf60,0x00000000e4380000)
  to   space 18944K, 0% used [0x00000000e1f80000,0x00000000e1f80000,0x00000000e3200000)
 ParOldGen       total 135680K, used 28046K [0x0000000080000000, 0x0000000088480000, 0x00000000d5580000)
  object space 135680K, 20% used [0x0000000080000000,0x0000000081b63940,0x0000000088480000)
 Metaspace       used 56440K, capacity 58826K, committed 58968K, reserved 1099776K
  class space    used 7719K, capacity 8210K, committed 8320K, reserved 1048576K
}
Event: 11.456 GC heap before
{Heap before GC invocations=13 (full 3):
 PSYoungGen      total 224768K, used 15795K [0x00000000d5580000, 0x00000000e7080000, 0x0000000100000000)
  eden space 206848K, 0% used [0x00000000d5580000,0x00000000d5580000,0x00000000e1f80000)
  from space 17920K, 88% used [0x00000000e3200000,0x00000000e416cf60,0x00000000e4380000)
  to   space 18944K, 0% used [0x00000000e1f80000,0x00000000e1f80000,0x00000000e3200000)
 ParOldGen       total 135680K, used 28046K [0x0000000080000000, 0x0000000088480000, 0x00000000d5580000)
  object space 135680K, 20% used [0x0000000080000000,0x0000000081b63940,0x0000000088480000)
 Metaspace       used 56440K, capacity 58826K, committed 58968K, reserved 1099776K
  class space    used 7719K, capacity 8210K, committed 8320K, reserved 1048576K
Event: 11.695 GC heap after
Heap after GC invocations=13 (full 3):
 PSYoungGen      total 224768K, used 0K [0x00000000d5580000, 0x00000000e7080000, 0x0000000100000000)
  eden space 206848K, 0% used [0x00000000d5580000,0x00000000d5580000,0x00000000e1f80000)
  from space 17920K, 0% used [0x00000000e3200000,0x00000000e3200000,0x00000000e4380000)
  to   space 18944K, 0% used [0x00000000e1f80000,0x00000000e1f80000,0x00000000e3200000)
 ParOldGen       total 203776K, used 31376K [0x0000000080000000, 0x000000008c700000, 0x00000000d5580000)
  object space 203776K, 15% used [0x0000000080000000,0x0000000081ea42e0,0x000000008c700000)
 Metaspace       used 56405K, capacity 58706K, committed 58968K, reserved 1099776K
  class space    used 7708K, capacity 8190K, committed 8320K, reserved 1048576K
}

